INFO Created ticket [#4217] (mdouglas)
INFO Closed ticket [#1754] (noel)
ERROR The ticket was modified while updating (breee)
ERROR Permission denied while closing ticket (ac)
INFO Commented on ticket [#4709] (blossom)
INFO Commented on ticket [#6518] (rr.robinson)
ERROR Tried to add information to closed ticket (mcintosh)
ERROR Tried to add information to closed ticket (jackowens)
ERROR Tried to add information to closed ticket (mdouglas)
ERROR Timeout while retrieving information (oren)
ERROR Ticket doesn't exist (xlg)
ERROR Timeout while retrieving information (ahmed.miller)
ERROR Ticket doesn't exist (blossom)
ERROR The ticket was modified while updating (bpacheco)
ERROR Ticket doesn't exist (enim.non)
ERROR Permission denied while closing ticket (rr.robinson)
ERROR Tried to add information to closed ticket (oren)
ERROR Timeout while retrieving information (mcintosh)
ERROR Timeout while retrieving information (ahmed.miller)
ERROR Connection to DB failed (jackowens)
ERROR Permission denied while closing ticket (flavia)
ERROR Tried to add information to closed ticket (oren)
ERROR Tried to add information to closed ticket (sri)
INFO Commented on ticket [#1097] (breee)
ERROR Connection to DB failed (nonummy)
INFO Created ticket [#7115] (noel)
ERROR The ticket was modified while updating (flavia)
INFO Commented on ticket [#2253] (nonummy)
ERROR Connection to DB failed (oren)
ERROR Timeout while retrieving information (xlg)
INFO Created ticket [#7298] (ahmed.miller)
ERROR Timeout while retrieving information (flavia)
ERROR Connection to DB failed (jackowens)
INFO Commented on ticket [#7255] (oren)
ERROR Ticket doesn't exist (flavia)
ERROR Tried to add information to closed ticket (jackowens)
INFO Closed ticket [#1712] (britanni)
INFO Created ticket [#2860] (mcintosh)
ERROR Timeout while retrieving information (montanap)
ERROR Permission denied while closing ticket (britanni)
ERROR Permission denied while closing ticket (montanap)
ERROR Tried to add information to closed ticket (noel)
ERROR Timeout while retrieving information (oren)
INFO Commented on ticket [#8385] (mdouglas)
INFO Closed ticket [#2452] (jackowens)
ERROR Connection to DB failed (ac)
ERROR Timeout while retrieving information (blossom)
ERROR Permission denied while closing ticket (montanap)
ERROR Tried to add information to closed ticket (breee)
ERROR Connection to DB failed (sri)
ERROR Timeout while retrieving information (montanap)
ERROR Permission denied while closing ticket (ahmed.miller)
ERROR Connection to DB failed (mai.hendrix)
INFO Commented on ticket [#4562] (ac)
ERROR Tried to add information to closed ticket (ahmed.miller)
INFO Created ticket [#7897] (kirknixon)
ERROR Permission denied while closing ticket (mai.hendrix)
ERROR Connection to DB failed (kirknixon)
ERROR Ticket doesn't exist (flavia)
INFO Created ticket [#5784] (sri)
ERROR Permission denied while closing ticket (blossom)
ERROR Tried to add information to closed ticket (nonummy)
INFO Closed ticket [#8685] (rr.robinson)
ERROR The ticket was modified while updating (breee)
INFO Commented on ticket [#4225] (noel)
ERROR The ticket was modified while updating (enim.non)
ERROR Timeout while retrieving information (xlg)
INFO Closed ticket [#7948] (noel)
INFO Commented on ticket [#8628] (noel)
ERROR Tried to add information to closed ticket (noel)
ERROR Ticket doesn't exist (blossom)
ERROR Permission denied while closing ticket (enim.non)
INFO Closed ticket [#7333] (enim.non)
INFO Commented on ticket [#1653] (noel)
ERROR The ticket was modified while updating (mdouglas)
INFO Created ticket [#5455] (ac)
ERROR Timeout while retrieving information (oren)
INFO Commented on ticket [#3813] (mcintosh)
ERROR Connection to DB failed (bpacheco)
ERROR The ticket was modified while updating (mcintosh)
ERROR Connection to DB failed (oren)
INFO Closed ticket [#8604] (mcintosh)
ERROR The ticket was modified while updating (noel)
ERROR Ticket doesn't exist (nonummy)
ERROR Timeout while retrieving information (blossom)
ERROR Timeout while retrieving information (mai.hendrix)
INFO Created ticket [#6361] (enim.non)
ERROR Timeout while retrieving information (xlg)
INFO Commented on ticket [#7159] (ahmed.miller)
ERROR Connection to DB failed (breee)
INFO Created ticket [#7737] (nonummy)
ERROR Connection to DB failed (mdouglas)
INFO Closed ticket [#4372] (oren)
INFO Commented on ticket [#2389] (sri)
ERROR Connection to DB failed (breee)
INFO Closed ticket [#3297] (kirknixon)
ERROR The ticket was modified while updating (blossom)
INFO Created ticket [#2461] (jackowens)
INFO Closed ticket [#9876] (blossom)
INFO Created ticket [#5896] (mcintosh)
